#
# A fatal error has been detected by the Java Runtime Environment:
#
#  EXCEPTION_ACCESS_VIOLATION (0xc0000005) at pc=0x00007ffefe1d1ef1, pid=5756, tid=5508
#
# JRE version: OpenJDK Runtime Environment Temurin-17.0.5+8 (17.0.5+8) (build 17.0.5+8)
# Java VM: OpenJDK 64-Bit Server VM Temurin-17.0.5+8 (17.0.5+8, mixed mode, tiered, compressed oops, compressed class ptrs, parallel gc, windows-amd64)
# Problematic frame:
# V  [jvm.dll+0x6c1ef1]
#
# No core dump will be written. Minidumps are not enabled by default on client versions of Windows
#
# If you would like to submit a bug report, please visit:
#   https://github.com/adoptium/adoptium-support/issues
#

---------------  S U M M A R Y ------------

Command Line: --add-modules=ALL-SYSTEM --add-opens=java.base/java.util=ALL-UNNAMED --add-opens=java.base/java.lang=ALL-UNNAMED --add-opens=java.base/sun.nio.fs=ALL-UNNAMED -Declipse.application=org.eclipse.jdt.ls.core.id1 -Dosgi.bundles.defaultStartLevel=4 -Declipse.product=org.eclipse.jdt.ls.core.product -Djava.import.generatesMetadataFilesAtProjectRoot=false -Dfile.encoding=utf8 -XX:+UseParallelGC -XX:GCTimeRatio=4 -XX:AdaptiveSizePolicyWeight=90 -Dsun.zip.disableMemoryMapping=true -Xmx1G -Xms100m -Xlog:disable -javaagent:c:\Users\rakes\.vscode\extensions\redhat.java-1.13.0-win32-x64\lombok\lombok-1.18.24.jar -XX:+HeapDumpOnOutOfMemoryError -XX:HeapDumpPath=c:\Users\rakes\AppData\Roaming\Code\User\workspaceStorage\1d49cadcfa42b1e43ba22eace531b745\redhat.java c:\Users\rakes\.vscode\extensions\redhat.java-1.13.0-win32-x64\server\plugins\org.eclipse.equinox.launcher_1.6.400.v20210924-0641.jar -configuration c:\Users\rakes\AppData\Roaming\Code\User\globalStorage\redhat.java\1.13.0\config_win -data c:\Users\rakes\AppData\Roaming\Code\User\workspaceStorage\1d49cadcfa42b1e43ba22eace531b745\redhat.java\jdt_ws

Host: Intel(R) Core(TM) i5-4590S CPU @ 3.00GHz, 4 cores, 15G,  Windows 10 , 64 bit Build 19041 (10.0.19041.1741)
Time: Tue Dec 27 15:02:44 2022 India Standard Time elapsed time: 4.264637 seconds (0d 0h 0m 4s)

---------------  T H R E A D  ---------------

Current thread (0x000001b27e59fa90):  JavaThread "C2 CompilerThread1" daemon [_thread_in_native, id=5508, stack(0x0000005051f00000,0x0000005052000000)]


Current CompileTask:
C2:   4264 2042       4       org.apache.felix.resolver.ResolverImpl::mergeUses (495 bytes)

Stack: [0x0000005051f00000,0x0000005052000000],  sp=0x0000005051ffb540,  free space=1005k
Native frames: (J=compiled Java code, j=interpreted, Vv=VM code, C=native code)
V  [jvm.dll+0x6c1ef1]
V  [jvm.dll+0x1bb1eb]
V  [jvm.dll+0x217ca9]
V  [jvm.dll+0x216f71]
V  [jvm.dll+0x1a343d]
V  [jvm.dll+0x22698a]
V  [jvm.dll+0x224ac5]
V  [jvm.dll+0x7e727b]
V  [jvm.dll+0x7e17ea]
V  [jvm.dll+0x6759e5]
C  [ucrtbase.dll+0x21bb2]
C  [KERNEL32.DLL+0x17034]
C  [ntdll.dll+0x52651]


siginfo: EXCEPTION_ACCESS_VIOLATION (0xc0000005), reading address 0x00000000fe000000


Register to memory mapping:

RIP=0x00007ffefe1d1ef1 jvm.dll
RAX=0x000001b27d07cee8 points into unknown readable memory: 0x0000000000000000 | 00 00 00 00 00 00 00 00
RBX=0x0000005051ffe970 is pointing into the stack for thread: 0x000001b27e59fa90
RCX=0x000001b27e59fa90 is a thread
RDX=0x00000000000046d6 is an unknown value
RSP=0x0000005051ffb540 is pointing into the stack for thread: 0x000001b27e59fa90
RBP=0x0000005051ffb640 is pointing into the stack for thread: 0x000001b27e59fa90
RSI=0x000001b27d4a3560 points into unknown readable memory: 0x00007ffefe4281f0 | f0 81 42 fe fe 7f 00 00
RDI=0x000001b27d07ce90 points into unknown readable memory: 0x0000000000000000 | 00 00 00 00 00 00 00 00
R8 =0x000001b20039d120 points into unknown readable memory: 0x0000000500000004 | 04 00 00 00 05 00 00 00
R9 =0x0 is NULL
R10=0x0000000000000020 is an unknown value
R11=0x000000000000000f is an unknown value
R12=0x0000000000000050 is an unknown value
R13=0x00000000fe000000 is an unallocated location in the heap
R14=0x000000000000000f is an unknown value
R15=0x000001b27e4f7880 points into unknown readable memory: 0x0000000000000000 | 00 00 00 00 00 00 00 00


Registers:
RAX=0x000001b27d07cee8, RBX=0x0000005051ffe970, RCX=0x000001b27e59fa90, RDX=0x00000000000046d6
RSP=0x0000005051ffb540, RBP=0x0000005051ffb640, RSI=0x000001b27d4a3560, RDI=0x000001b27d07ce90
R8 =0x000001b20039d120, R9 =0x0000000000000000, R10=0x0000000000000020, R11=0x000000000000000f
R12=0x0000000000000050, R13=0x00000000fe000000, R14=0x000000000000000f, R15=0x000001b27e4f7880
RIP=0x00007ffefe1d1ef1, EFLAGS=0x0000000000010206

Top of Stack: (sp=0x0000005051ffb540)
0x0000005051ffb540:   000001b27d403b70 0000005051ffb640
0x0000005051ffb550:   0000005051ffbdb0 000001b27d07ce20
0x0000005051ffb560:   000001b2000021b3 000001b200000003
0x0000005051ffb570:   000001b2000021a9 0000005051ffb601
0x0000005051ffb580:   000001b200000001 0000005051ffb7f0
0x0000005051ffb590:   0000000000000053 0000000000000001
0x0000005051ffb5a0:   0000005000000001 000001b27d4a3560
0x0000005051ffb5b0:   000000010000010d 00007ffe00000040
0x0000005051ffb5c0:   0000000000000000 000000000000000f
0x0000005051ffb5d0:   00007ffe0000000f 000001b27d027a30
0x0000005051ffb5e0:   0000023800000000 000001b27d0282a0
0x0000005051ffb5f0:   000001b2007224e0 0000000000002c00
0x0000005051ffb600:   000001b20071ade0 000001b20071e960
0x0000005051ffb610:   000001b20039d120 000001b27f4ff050
0x0000005051ffb620:   0000000000000000 000001b27d6a3640
0x0000005051ffb630:   0000000000000000 0000000000000002 

Instructions: (pc=0x00007ffefe1d1ef1)
0x00007ffefe1d1df1:   4c 8b bd 10 03 00 00 48 8b 5d 98 8b 50 28 48 8b
0x00007ffefe1d1e01:   7d a8 49 8b 47 48 48 8b 48 78 48 8b 04 d1 48 8b
0x00007ffefe1d1e11:   4d c8 8b 40 4c 48 8b 14 c1 48 8b 4d c0 48 8b 04
0x00007ffefe1d1e21:   c1 4a 8b 0c f0 4a 89 0c f3 42 0f b6 04 32 41 88
0x00007ffefe1d1e31:   04 3e e9 6f 03 00 00 4d 85 ed 75 24 4c 8d 0d 0c
0x00007ffefe1d1e41:   cb 2e 00 ba b2 02 00 00 4c 8d 05 28 cb 2e 00 48
0x00007ffefe1d1e51:   8d 0d 39 cb 2e 00 e8 44 2d b8 ff e8 4f 48 fb ff
0x00007ffefe1d1e61:   48 8b 45 f8 65 48 8b 0c 25 58 00 00 00 4c 8b 3c
0x00007ffefe1d1e71:   c1 b8 50 00 00 00 44 8b e0 42 80 3c 38 00 75 05
0x00007ffefe1d1e81:   e8 3a a5 1c 00 b8 20 00 00 00 4a 8b 0c 38 48 8b
0x00007ffefe1d1e91:   81 d0 04 00 00 48 8b 98 80 00 00 00 48 81 c3 70
0x00007ffefe1d1ea1:   02 00 00 48 8b 7b 18 48 83 ff a7 76 18 4c 8d 05
0x00007ffefe1d1eb1:   5b b1 1d 00 ba 58 00 00 00 48 8b cb e8 be a4 9e
0x00007ffefe1d1ec1:   ff 48 8b 7b 18 48 8d 47 58 48 3b 43 20 76 14 45
0x00007ffefe1d1ed1:   33 c0 48 8b cb 41 8d 50 58 e8 61 a2 9e ff 48 8b
0x00007ffefe1d1ee1:   f8 eb 04 48 89 43 18 48 85 ff 0f 84 98 00 00 00
0x00007ffefe1d1ef1:   49 8b 45 00 49 8b cd ff 50 28 48 8b ce 4c 8b ee
0x00007ffefe1d1f01:   48 8b d8 e8 a7 dc a5 ff 48 8b cf 48 8b f0 8b 50
0x00007ffefe1d1f11:   18 e8 b9 02 f9 ff 48 8d 05 7a 16 25 00 48 89 5f
0x00007ffefe1d1f21:   38 48 89 07 b8 01 00 00 00 89 47 50 48 8b 47 08
0x00007ffefe1d1f31:   48 c7 47 40 00 00 00 00 48 c7 47 48 ff ff ff ff
0x00007ffefe1d1f41:   c7 47 54 00 6c ca 88 c7 47 2c 0c 00 00 00 48 89
0x00007ffefe1d1f51:   30 48 8b 4e 10 48 85 c9 74 20 8b 46 20 3b 46 24
0x00007ffefe1d1f61:   75 11 8b d0 48 8b ce e8 73 30 f9 ff 8b 46 20 48
0x00007ffefe1d1f71:   8b 4e 10 48 89 3c c1 ff 46 20 43 80 3c 3c 00 75
0x00007ffefe1d1f81:   0a e8 39 a4 1c 00 eb 03 4c 8b ee 48 8b 45 88 4c
0x00007ffefe1d1f91:   8b cf 48 8b 4d 98 45 8b c6 48 8b b5 10 03 00 00
0x00007ffefe1d1fa1:   49 8b d5 48 89 3c c1 8b 8d 18 03 00 00 89 4c 24
0x00007ffefe1d1fb1:   20 8d 41 01 48 8b ce 89 85 18 03 00 00 e8 8d 23
0x00007ffefe1d1fc1:   00 00 48 63 4f 28 48 8b 86 08 01 00 00 44 8b 7c
0x00007ffefe1d1fd1:   24 78 4c 8b 65 b8 4c 8b 75 88 44 89 3c 88 48 8b
0x00007ffefe1d1fe1:   4d 08 8b 59 18 8d 43 01 89 41 18 3b 59 08 72 07 


Stack slot to memory mapping:
stack at sp + 0 slots: 0x000001b27d403b70 points into unknown readable memory: 0x00007ffefe4d6cb8 | b8 6c 4d fe fe 7f 00 00
stack at sp + 1 slots: 0x0000005051ffb640 is pointing into the stack for thread: 0x000001b27e59fa90
stack at sp + 2 slots: 0x0000005051ffbdb0 is pointing into the stack for thread: 0x000001b27e59fa90
stack at sp + 3 slots: 0x000001b27d07ce20 points into unknown readable memory: 0x00007ffefe423598 | 98 35 42 fe fe 7f 00 00
stack at sp + 4 slots: 0x000001b2000021b3 points into unknown readable memory: 00 00 00 00 00
stack at sp + 5 slots: 0x000001b200000003 points into unknown readable memory: 00 00 00 00 00
stack at sp + 6 slots: 0x000001b2000021a9 points into unknown readable memory: 00 00 00 00 00 00 00
stack at sp + 7 slots: 0x0000005051ffb601 is pointing into the stack for thread: 0x000001b27e59fa90


---------------  P R O C E S S  ---------------

Threads class SMR info:
_java_thread_list=0x000001b27ebc33d0, length=23, elements={
0x000001b2675bcf30, 0x000001b27b3e1740, 0x000001b27b3e2480, 0x000001b27b40c560,
0x000001b27b40ce20, 0x000001b27b40de80, 0x000001b27b410030, 0x000001b27b41a8b0,
0x000001b27b41b1b0, 0x000001b27b4251c0, 0x000001b27b2d1010, 0x000001b27d02c110,
0x000001b27d975100, 0x000001b27d7e6ef0, 0x000001b27d752590, 0x000001b27d752a60,
0x000001b27d5b3f00, 0x000001b27d80e860, 0x000001b27d80ed30, 0x000001b27e6d4960,
0x000001b27e59fa90, 0x000001b27e6d57d0, 0x000001b27e6d5300
}

Java Threads: ( => current thread )
  0x000001b2675bcf30 JavaThread "main" [_thread_blocked, id=8632, stack(0x0000005050500000,0x0000005050600000)]
  0x000001b27b3e1740 JavaThread "Reference Handler" daemon [_thread_blocked, id=10040, stack(0x0000005050800000,0x0000005050900000)]
  0x000001b27b3e2480 JavaThread "Finalizer" daemon [_thread_blocked, id=8612, stack(0x0000005050900000,0x0000005050a00000)]
  0x000001b27b40c560 JavaThread "Signal Dispatcher" daemon [_thread_blocked, id=9708, stack(0x0000005050a00000,0x0000005050b00000)]
  0x000001b27b40ce20 JavaThread "Attach Listener" daemon [_thread_blocked, id=8764, stack(0x0000005050b00000,0x0000005050c00000)]
  0x000001b27b40de80 JavaThread "Service Thread" daemon [_thread_blocked, id=9348, stack(0x0000005050c00000,0x0000005050d00000)]
  0x000001b27b410030 JavaThread "Monitor Deflation Thread" daemon [_thread_blocked, id=9596, stack(0x0000005050d00000,0x0000005050e00000)]
  0x000001b27b41a8b0 JavaThread "C2 CompilerThread0" daemon [_thread_blocked, id=8712, stack(0x0000005050e00000,0x0000005050f00000)]
  0x000001b27b41b1b0 JavaThread "C1 CompilerThread0" daemon [_thread_blocked, id=10180, stack(0x0000005050f00000,0x0000005051000000)]
  0x000001b27b4251c0 JavaThread "Sweeper thread" daemon [_thread_blocked, id=5232, stack(0x0000005051000000,0x0000005051100000)]
  0x000001b27b2d1010 JavaThread "Common-Cleaner" daemon [_thread_blocked, id=10168, stack(0x0000005051100000,0x0000005051200000)]
  0x000001b27d02c110 JavaThread "Notification Thread" daemon [_thread_blocked, id=5116, stack(0x0000005051200000,0x0000005051300000)]
  0x000001b27d975100 JavaThread "Equinox resolver thread - Equinox Container: 2e8cf50f-ea6c-4d32-8e43-06ce49f9041e" daemon [_thread_blocked, id=10636, stack(0x0000005051800000,0x0000005051900000)]
  0x000001b27d7e6ef0 JavaThread "Equinox resolver thread - Equinox Container: 2e8cf50f-ea6c-4d32-8e43-06ce49f9041e" daemon [_thread_blocked, id=9720, stack(0x0000005051900000,0x0000005051a00000)]
  0x000001b27d752590 JavaThread "Equinox resolver thread - Equinox Container: 2e8cf50f-ea6c-4d32-8e43-06ce49f9041e" daemon [_thread_blocked, id=8804, stack(0x0000005051a00000,0x0000005051b00000)]
  0x000001b27d752a60 JavaThread "Equinox resolver thread - Equinox Container: 2e8cf50f-ea6c-4d32-8e43-06ce49f9041e" daemon [_thread_blocked, id=10212, stack(0x0000005051b00000,0x0000005051c00000)]
  0x000001b27d5b3f00 JavaThread "Active Thread: Equinox Container: 2e8cf50f-ea6c-4d32-8e43-06ce49f9041e" [_thread_blocked, id=7880, stack(0x0000005051c00000,0x0000005051d00000)]
  0x000001b27d80e860 JavaThread "Framework Event Dispatcher: Equinox Container: 2e8cf50f-ea6c-4d32-8e43-06ce49f9041e" daemon [_thread_blocked, id=568, stack(0x0000005051400000,0x0000005051500000)]
  0x000001b27d80ed30 JavaThread "Start Level: Equinox Container: 2e8cf50f-ea6c-4d32-8e43-06ce49f9041e" daemon [_thread_in_Java, id=5872, stack(0x0000005051d00000,0x0000005051e00000)]
  0x000001b27e6d4960 JavaThread "Refresh Thread: Equinox Container: 2e8cf50f-ea6c-4d32-8e43-06ce49f9041e" daemon [_thread_blocked, id=5224, stack(0x0000005051e00000,0x0000005051f00000)]
=>0x000001b27e59fa90 JavaThread "C2 CompilerThread1" daemon [_thread_in_native, id=5508, stack(0x0000005051f00000,0x0000005052000000)]
  0x000001b27e6d57d0 JavaThread "SCR Component Actor" daemon [_thread_blocked, id=11088, stack(0x0000005052000000,0x0000005052100000)]
  0x000001b27e6d5300 JavaThread "SCR Component Registry" daemon [_thread_blocked, id=8776, stack(0x0000005052100000,0x0000005052200000)]

Other Threads:
  0x000001b27b3ca710 VMThread "VM Thread" [stack: 0x0000005050700000,0x0000005050800000] [id=3084]
  0x000001b27d02c5e0 WatcherThread [stack: 0x0000005051300000,0x0000005051400000] [id=1716]
  0x000001b2675d3a50 GCTaskThread "GC Thread#0" [stack: 0x0000005050600000,0x0000005050700000] [id=1240]
  0x000001b27d327850 GCTaskThread "GC Thread#1" [stack: 0x0000005051500000,0x0000005051600000] [id=1976]
  0x000001b27d8b08f0 GCTaskThread "GC Thread#2" [stack: 0x0000005051600000,0x0000005051700000] [id=5480]
  0x000001b27d8b0ba0 GCTaskThread "GC Thread#3" [stack: 0x0000005051700000,0x0000005051800000] [id=7332]

Threads with active compile tasks:
C2 CompilerThread1     4303 2042       4       org.apache.felix.resolver.ResolverImpl::mergeUses (495 bytes)

VM state: not at safepoint (normal execution)

VM Mutex/Monitor currently owned by a thread: None

Heap address: 0x00000000c0000000, size: 1024 MB, Compressed Oops mode: 32-bit

CDS archive(s) not mapped
Compressed class space mapped at: 0x0000000100000000-0x0000000140000000, reserved size: 1073741824
Narrow klass base: 0x0000000000000000, Narrow klass shift: 3, Narrow klass range: 0x140000000

GC Precious Log:
 CPUs: 4 total, 4 available
 Memory: 16295M
 Large Page Support: Disabled
 NUMA Support: Disabled
 Compressed Oops: Enabled (32-bit)
 Alignments: Space 512K, Generation 512K, Heap 2M
 Heap Min Capacity: 100M
 Heap Initial Capacity: 100M
 Heap Max Capacity: 1G
 Pre-touch: Disabled
 Parallel Workers: 4

Heap:
 PSYoungGen      total 29696K, used 26831K [0x00000000eab00000, 0x00000000ecc00000, 0x0000000100000000)
  eden space 25600K, 88% used [0x00000000eab00000,0x00000000ec13b180,0x00000000ec400000)
  from space 4096K, 99% used [0x00000000ec400000,0x00000000ec7f8a98,0x00000000ec800000)
  to   space 4096K, 0% used [0x00000000ec800000,0x00000000ec800000,0x00000000ecc00000)
 ParOldGen       total 68608K, used 7574K [0x00000000c0000000, 0x00000000c4300000, 0x00000000eab00000)
  object space 68608K, 11% used [0x00000000c0000000,0x00000000c0765b30,0x00000000c4300000)
 Metaspace       used 18198K, committed 18432K, reserved 1073152K
  class space    used 1826K, committed 1984K, reserved 1048576K

Card table byte_map: [0x000001b266f70000,0x000001b267180000] _byte_map_base: 0x000001b266970000

Marking Bits: (ParMarkBitMap*) 0x00007ffefe690dd0
 Begin Bits: [0x000001b279250000, 0x000001b27a250000)
 End Bits:   [0x000001b27a250000, 0x000001b27b250000)

Polling page: 0x000001b265470000

Metaspace:

Usage:
  Non-class:     15.99 MB used.
      Class:      1.78 MB used.
       Both:     17.77 MB used.

Virtual space:
  Non-class space:       24.00 MB reserved,      16.06 MB ( 67%) committed,  3 nodes.
      Class space:        1.00 GB reserved,       1.94 MB ( <1%) committed,  1 nodes.
             Both:        1.02 GB reserved,      18.00 MB (  2%) committed. 

Chunk freelists:
   Non-Class:  3.75 MB
       Class:  2.05 MB
        Both:  5.80 MB

MaxMetaspaceSize: unlimited
CompressedClassSpaceSize: 1.00 GB
Initial GC threshold: 21.00 MB
Current GC threshold: 21.00 MB
CDS: off
MetaspaceReclaimPolicy: balanced
 - commit_granule_bytes: 65536.
 - commit_granule_words: 8192.
 - virtual_space_node_default_size: 1048576.
 - enlarge_chunks_in_place: 1.
 - new_chunks_are_fully_committed: 0.
 - uncommit_free_chunks: 1.
 - use_allocation_guard: 0.
 - handle_deallocations: 1.


Internal statistics:

num_allocs_failed_limit: 0.
num_arena_births: 102.
num_arena_deaths: 0.
num_vsnodes_births: 4.
num_vsnodes_deaths: 0.
num_space_committed: 288.
num_space_uncommitted: 0.
num_chunks_returned_to_freelist: 0.
num_chunks_taken_from_freelist: 418.
num_chunk_merges: 0.
num_chunk_splits: 280.
num_chunks_enlarged: 219.
num_purges: 0.
num_inconsistent_stats: 0.

CodeHeap 'non-profiled nmethods': size=120000Kb used=1013Kb max_used=1013Kb free=118986Kb
 bounds [0x000001b271d20000, 0x000001b271f90000, 0x000001b279250000]
CodeHeap 'profiled nmethods': size=120000Kb used=5725Kb max_used=5725Kb free=114274Kb
 bounds [0x000001b26a7f0000, 0x000001b26ad90000, 0x000001b271d20000]
CodeHeap 'non-nmethods': size=5760Kb used=1168Kb max_used=1185Kb free=4591Kb
 bounds [0x000001b26a250000, 0x000001b26a4c0000, 0x000001b26a7f0000]
 total_blobs=3130 nmethods=2665 adapters=379
 compilation: enabled
              stopped_count=0, restarted_count=0
 full_count=0

Compilation events (20 events):
Event: 4.234 Thread 0x000001b27b41b1b0 2611       3       com.sun.org.apache.xerces.internal.impl.XMLScanner::getStringBuffer (76 bytes)
Event: 4.234 Thread 0x000001b27b41b1b0 nmethod 2611 0x000001b26ad64c90 code [0x000001b26ad64ee0, 0x000001b26ad65a18]
Event: 4.234 Thread 0x000001b27b41b1b0 2612       3       org.eclipse.core.internal.registry.ExtensionsParser::parseConfigurationElementAttributes (107 bytes)
Event: 4.235 Thread 0x000001b27b41b1b0 nmethod 2612 0x000001b26ad65f10 code [0x000001b26ad661c0, 0x000001b26ad67408]
Event: 4.235 Thread 0x000001b27b41b1b0 2613       3       com.sun.org.apache.xerces.internal.parsers.AbstractSAXParser::startNamespaceMapping (78 bytes)
Event: 4.235 Thread 0x000001b27b41b1b0 nmethod 2613 0x000001b26ad67b90 code [0x000001b26ad67d80, 0x000001b26ad68388]
Event: 4.235 Thread 0x000001b27b41b1b0 2614       3       com.sun.org.apache.xerces.internal.parsers.AbstractSAXParser::endNamespaceMapping (47 bytes)
Event: 4.235 Thread 0x000001b27b41b1b0 nmethod 2614 0x000001b26ad68710 code [0x000001b26ad688e0, 0x000001b26ad68db8]
Event: 4.235 Thread 0x000001b27b41b1b0 2615       3       org.eclipse.core.internal.registry.ExtensionPoint::getUniqueIdentifier (7 bytes)
Event: 4.236 Thread 0x000001b27b41b1b0 nmethod 2615 0x000001b26ad69090 code [0x000001b26ad69240, 0x000001b26ad693a8]
Event: 4.239 Thread 0x000001b27b41b1b0 2616  s    3       java.nio.channels.Channels$1::write (107 bytes)
Event: 4.239 Thread 0x000001b27b41b1b0 nmethod 2616 0x000001b26ad69490 code [0x000001b26ad696a0, 0x000001b26ad69ea8]
Event: 4.239 Thread 0x000001b27b41b1b0 2618       3       java.nio.channels.Channels::writeFullyImpl (33 bytes)
Event: 4.239 Thread 0x000001b27b41b1b0 nmethod 2618 0x000001b26ad6a110 code [0x000001b26ad6a2e0, 0x000001b26ad6a6d8]
Event: 4.239 Thread 0x000001b27b41b1b0 2617   !   3       java.nio.channels.Channels::writeFully (60 bytes)
Event: 4.240 Thread 0x000001b27b41b1b0 nmethod 2617 0x000001b26ad6a890 code [0x000001b26ad6ab20, 0x000001b26ad6b808]
Event: 4.240 Thread 0x000001b27b41a8b0 2619       4       java.util.zip.Inflater::ensureOpen (47 bytes)
Event: 4.241 Thread 0x000001b27b41a8b0 nmethod 2619 0x000001b271e19910 code [0x000001b271e19a80, 0x000001b271e19b38]
Event: 4.254 Thread 0x000001b27b41b1b0 2620       3       java.util.Arrays::fill (21 bytes)
Event: 4.254 Thread 0x000001b27b41b1b0 nmethod 2620 0x000001b26ad6bd90 code [0x000001b26ad6bf20, 0x000001b26ad6c0d8]

GC Heap History (6 events):
Event: 0.994 GC heap before
{Heap before GC invocations=1 (full 0):
 PSYoungGen      total 29696K, used 25600K [0x00000000eab00000, 0x00000000ecc00000, 0x0000000100000000)
  eden space 25600K, 100% used [0x00000000eab00000,0x00000000ec400000,0x00000000ec400000)
  from space 4096K, 0% used [0x00000000ec800000,0x00000000ec800000,0x00000000ecc00000)
  to   space 4096K, 0% used [0x00000000ec400000,0x00000000ec400000,0x00000000ec800000)
 ParOldGen       total 68608K, used 0K [0x00000000c0000000, 0x00000000c4300000, 0x00000000eab00000)
  object space 68608K, 0% used [0x00000000c0000000,0x00000000c0000000,0x00000000c4300000)
 Metaspace       used 11046K, committed 11200K, reserved 1064960K
  class space    used 1104K, committed 1152K, reserved 1048576K
}
Event: 0.999 GC heap after
{Heap after GC invocations=1 (full 0):
 PSYoungGen      total 29696K, used 3640K [0x00000000eab00000, 0x00000000ecc00000, 0x0000000100000000)
  eden space 25600K, 0% used [0x00000000eab00000,0x00000000eab00000,0x00000000ec400000)
  from space 4096K, 88% used [0x00000000ec400000,0x00000000ec78e218,0x00000000ec800000)
  to   space 4096K, 0% used [0x00000000ec800000,0x00000000ec800000,0x00000000ecc00000)
 ParOldGen       total 68608K, used 16K [0x00000000c0000000, 0x00000000c4300000, 0x00000000eab00000)
  object space 68608K, 0% used [0x00000000c0000000,0x00000000c0004000,0x00000000c4300000)
 Metaspace       used 11046K, committed 11200K, reserved 1064960K
  class space    used 1104K, committed 1152K, reserved 1048576K
}
Event: 3.386 GC heap before
{Heap before GC invocations=2 (full 0):
 PSYoungGen      total 29696K, used 29240K [0x00000000eab00000, 0x00000000ecc00000, 0x0000000100000000)
  eden space 25600K, 100% used [0x00000000eab00000,0x00000000ec400000,0x00000000ec400000)
  from space 4096K, 88% used [0x00000000ec400000,0x00000000ec78e218,0x00000000ec800000)
  to   space 4096K, 0% used [0x00000000ec800000,0x00000000ec800000,0x00000000ecc00000)
 ParOldGen       total 68608K, used 16K [0x00000000c0000000, 0x00000000c4300000, 0x00000000eab00000)
  object space 68608K, 0% used [0x00000000c0000000,0x00000000c0004000,0x00000000c4300000)
 Metaspace       used 14146K, committed 14336K, reserved 1064960K
  class space    used 1413K, committed 1472K, reserved 1048576K
}
Event: 3.390 GC heap after
{Heap after GC invocations=2 (full 0):
 PSYoungGen      total 29696K, used 4068K [0x00000000eab00000, 0x00000000ecc00000, 0x0000000100000000)
  eden space 25600K, 0% used [0x00000000eab00000,0x00000000eab00000,0x00000000ec400000)
  from space 4096K, 99% used [0x00000000ec800000,0x00000000ecbf9210,0x00000000ecc00000)
  to   space 4096K, 0% used [0x00000000ec400000,0x00000000ec400000,0x00000000ec800000)
 ParOldGen       total 68608K, used 1315K [0x00000000c0000000, 0x00000000c4300000, 0x00000000eab00000)
  object space 68608K, 1% used [0x00000000c0000000,0x00000000c0148ed8,0x00000000c4300000)
 Metaspace       used 14146K, committed 14336K, reserved 1064960K
  class space    used 1413K, committed 1472K, reserved 1048576K
}
Event: 3.756 GC heap before
{Heap before GC invocations=3 (full 0):
 PSYoungGen      total 29696K, used 29668K [0x00000000eab00000, 0x00000000ecc00000, 0x0000000100000000)
  eden space 25600K, 100% used [0x00000000eab00000,0x00000000ec400000,0x00000000ec400000)
  from space 4096K, 99% used [0x00000000ec800000,0x00000000ecbf9210,0x00000000ecc00000)
  to   space 4096K, 0% used [0x00000000ec400000,0x00000000ec400000,0x00000000ec800000)
 ParOldGen       total 68608K, used 1315K [0x00000000c0000000, 0x00000000c4300000, 0x00000000eab00000)
  object space 68608K, 1% used [0x00000000c0000000,0x00000000c0148ed8,0x00000000c4300000)
 Metaspace       used 14639K, committed 14848K, reserved 1064960K
  class space    used 1448K, committed 1536K, reserved 1048576K
}
Event: 3.765 GC heap after
{Heap after GC invocations=3 (full 0):
 PSYoungGen      total 29696K, used 4066K [0x00000000eab00000, 0x00000000ecc00000, 0x0000000100000000)
  eden space 25600K, 0% used [0x00000000eab00000,0x00000000eab00000,0x00000000ec400000)
  from space 4096K, 99% used [0x00000000ec400000,0x00000000ec7f8a98,0x00000000ec800000)
  to   space 4096K, 0% used [0x00000000ec800000,0x00000000ec800000,0x00000000ecc00000)
 ParOldGen       total 68608K, used 7574K [0x00000000c0000000, 0x00000000c4300000, 0x00000000eab00000)
  object space 68608K, 11% used [0x00000000c0000000,0x00000000c0765b30,0x00000000c4300000)
 Metaspace       used 14639K, committed 14848K, reserved 1064960K
  class space    used 1448K, committed 1536K, reserved 1048576K
}

Dll operation events (9 events):
Event: 0.071 Loaded shared library c:\Users\rakes\.vscode\extensions\redhat.java-1.13.0-win32-x64\jre\17.0.5-win32-x86_64\bin\java.dll
Event: 0.207 Loaded shared library c:\Users\rakes\.vscode\extensions\redhat.java-1.13.0-win32-x64\jre\17.0.5-win32-x86_64\bin\zip.dll
Event: 0.209 Loaded shared library C:\Users\rakes\.vscode\extensions\redhat.java-1.13.0-win32-x64\jre\17.0.5-win32-x86_64\bin\instrument.dll
Event: 0.239 Loaded shared library C:\Users\rakes\.vscode\extensions\redhat.java-1.13.0-win32-x64\jre\17.0.5-win32-x86_64\bin\net.dll
Event: 0.266 Loaded shared library C:\Users\rakes\.vscode\extensions\redhat.java-1.13.0-win32-x64\jre\17.0.5-win32-x86_64\bin\nio.dll
Event: 0.272 Loaded shared library C:\Users\rakes\.vscode\extensions\redhat.java-1.13.0-win32-x64\jre\17.0.5-win32-x86_64\bin\zip.dll
Event: 0.286 Loaded shared library C:\Users\rakes\.vscode\extensions\redhat.java-1.13.0-win32-x64\jre\17.0.5-win32-x86_64\bin\jimage.dll
Event: 0.345 Loaded shared library c:\Users\rakes\.vscode\extensions\redhat.java-1.13.0-win32-x64\jre\17.0.5-win32-x86_64\bin\verify.dll
Event: 3.649 Loaded shared library C:\Users\rakes\AppData\Roaming\Code\User\globalStorage\redhat.java\1.13.0\config_win\org.eclipse.equinox.launcher\org.eclipse.equinox.launcher.win32.win32.x86_64_1.2.600.v20220720-1916\eclipse_11700.dll

Deoptimization events (20 events):
Event: 3.957 Thread 0x000001b27d80ed30 Uncommon trap: trap_request=0xffffff45 fr.pc=0x000001b271d78ff0 relative=0x0000000000000950
Event: 3.957 Thread 0x000001b27d80ed30 Uncommon trap: reason=unstable_if action=reinterpret pc=0x000001b271d78ff0 method=java.util.concurrent.ConcurrentHashMap.putVal(Ljava/lang/Object;Ljava/lang/Object;Z)Ljava/lang/Object; @ 148 c2
Event: 3.957 Thread 0x000001b27d80ed30 DEOPT PACKING pc=0x000001b271d78ff0 sp=0x0000005051df8a60
Event: 3.957 Thread 0x000001b27d80ed30 DEOPT UNPACKING pc=0x000001b26a2a20a3 sp=0x0000005051df89e0 mode 2
Event: 3.965 Thread 0x000001b27d80ed30 Uncommon trap: trap_request=0xffffff45 fr.pc=0x000001b271daf9c0 relative=0x0000000000001100
Event: 3.965 Thread 0x000001b27d80ed30 Uncommon trap: reason=unstable_if action=reinterpret pc=0x000001b271daf9c0 method=java.io.WinNTFileSystem.normalize(Ljava/lang/String;II)Ljava/lang/String; @ 100 c2
Event: 3.965 Thread 0x000001b27d80ed30 DEOPT PACKING pc=0x000001b271daf9c0 sp=0x0000005051df8e50
Event: 3.965 Thread 0x000001b27d80ed30 DEOPT UNPACKING pc=0x000001b26a2a20a3 sp=0x0000005051df8d90 mode 2
Event: 4.200 Thread 0x000001b27d80ed30 Uncommon trap: trap_request=0xffffff45 fr.pc=0x000001b271d74684 relative=0x0000000000000084
Event: 4.200 Thread 0x000001b27d80ed30 Uncommon trap: reason=unstable_if action=reinterpret pc=0x000001b271d74684 method=java.util.jar.Manifest$FastInputStream.peek()B @ 8 c2
Event: 4.200 Thread 0x000001b27d80ed30 DEOPT PACKING pc=0x000001b271d74684 sp=0x0000005051df7e10
Event: 4.200 Thread 0x000001b27d80ed30 DEOPT UNPACKING pc=0x000001b26a2a20a3 sp=0x0000005051df7da8 mode 2
Event: 4.208 Thread 0x000001b27d80ed30 DEOPT PACKING pc=0x000001b26acf062e sp=0x0000005051df8250
Event: 4.208 Thread 0x000001b27d80ed30 DEOPT UNPACKING pc=0x000001b26a2a2843 sp=0x0000005051df7710 mode 0
Event: 4.209 Thread 0x000001b27d80ed30 Uncommon trap: trap_request=0xffffff45 fr.pc=0x000001b271e11c08 relative=0x0000000000000348
Event: 4.209 Thread 0x000001b27d80ed30 Uncommon trap: reason=unstable_if action=reinterpret pc=0x000001b271e11c08 method=com.sun.org.apache.xerces.internal.impl.XMLEntityScanner.scanLiteral(ILcom/sun/org/apache/xerces/internal/xni/XMLString;Z)I @ 189 c2
Event: 4.209 Thread 0x000001b27d80ed30 DEOPT PACKING pc=0x000001b271e11c08 sp=0x0000005051df8270
Event: 4.209 Thread 0x000001b27d80ed30 DEOPT UNPACKING pc=0x000001b26a2a20a3 sp=0x0000005051df8200 mode 2
Event: 4.213 Thread 0x000001b27d80ed30 DEOPT PACKING pc=0x000001b26a98929e sp=0x0000005051df85c0
Event: 4.213 Thread 0x000001b27d80ed30 DEOPT UNPACKING pc=0x000001b26a2a2843 sp=0x0000005051df7ab8 mode 0

Classes unloaded (0 events):
No events

Classes redefined (0 events):
No events

Internal exceptions (20 events):
Event: 0.718 Thread 0x000001b2675bcf30 Exception <a 'sun/nio/fs/WindowsException'{0x00000000eb96bc78}> (0x00000000eb96bc78) 
thrown [s\src\hotspot\share\prims\jni.cpp, line 516]
Event: 0.718 Thread 0x000001b2675bcf30 Exception <a 'sun/nio/fs/WindowsException'{0x00000000eb96c3e8}> (0x00000000eb96c3e8) 
thrown [s\src\hotspot\share\prims\jni.cpp, line 516]
Event: 0.935 Thread 0x000001b2675bcf30 Exception <a 'java/lang/ClassNotFoundException'{0x00000000ec16de38}: sun/net/www/protocol/c/Handler> (0x00000000ec16de38) 
thrown [s\src\hotspot\share\classfile\systemDictionary.cpp, line 256]
Event: 0.936 Thread 0x000001b2675bcf30 Exception <a 'java/lang/ClassNotFoundException'{0x00000000ec16f168}: sun/net/www/protocol/c/Handler> (0x00000000ec16f168) 
thrown [s\src\hotspot\share\classfile\systemDictionary.cpp, line 256]
Event: 0.936 Thread 0x000001b2675bcf30 Exception <a 'java/lang/ClassNotFoundException'{0x00000000ec1702b8}: sun/net/www/protocol/c/Handler> (0x00000000ec1702b8) 
thrown [s\src\hotspot\share\classfile\systemDictionary.cpp, line 256]
Event: 0.943 Thread 0x000001b2675bcf30 Exception <a 'java/io/FileNotFoundException'{0x00000000ec1966f0}> (0x00000000ec1966f0) 
thrown [s\src\hotspot\share\prims\jni.cpp, line 516]
Event: 0.968 Thread 0x000001b2675bcf30 Implicit null exception at 0x000001b271d7a5fb to 0x000001b271d7b0f8
Event: 0.968 Thread 0x000001b2675bcf30 Implicit null exception at 0x000001b271d53091 to 0x000001b271d53490
Event: 0.968 Thread 0x000001b2675bcf30 Implicit null exception at 0x000001b271d5098c to 0x000001b271d50d68
Event: 1.010 Thread 0x000001b2675bcf30 Exception <a 'java/lang/NoSuchMethodError'{0x00000000eab607f0}: 'int java.lang.invoke.DirectMethodHandle$Holder.invokeStaticInit(java.lang.Object, java.lang.Object, java.lang.Object, java.lang.Object)'> (0x00000000eab607f0) 
thrown [s\src\hotspot\share\interpreter\linkResolver.cpp, line 759]
Event: 1.011 Thread 0x000001b2675bcf30 Exception <a 'java/lang/NoSuchMethodError'{0x00000000eab6af68}: 'java.lang.Object java.lang.invoke.DirectMethodHandle$Holder.invokeInterface(java.lang.Object, java.lang.Object)'> (0x00000000eab6af68) 
thrown [s\src\hotspot\share\interpreter\linkResolver.cpp, line 759]
Event: 1.012 Thread 0x000001b2675bcf30 Exception <a 'java/lang/IncompatibleClassChangeError'{0x00000000eab6e760}: Found class java.lang.Object, but interface was expected> (0x00000000eab6e760) 
thrown [s\src\hotspot\share\interpreter\linkResolver.cpp, line 826]
Event: 1.013 Thread 0x000001b2675bcf30 Exception <a 'java/lang/NoSuchMethodError'{0x00000000eab72c58}: 'void java.lang.invoke.DirectMethodHandle$Holder.invokeStatic(java.lang.Object, java.lang.Object)'> (0x00000000eab72c58) 
thrown [s\src\hotspot\share\interpreter\linkResolver.cpp, line 759]
Event: 1.013 Thread 0x000001b2675bcf30 Exception <a 'java/lang/NoSuchMethodError'{0x00000000eab76458}: 'void java.lang.invoke.DirectMethodHandle$Holder.invokeStaticInit(java.lang.Object, java.lang.Object)'> (0x00000000eab76458) 
thrown [s\src\hotspot\share\interpreter\linkResolver.cpp, line 759]
Event: 1.014 Thread 0x000001b2675bcf30 Exception <a 'java/lang/NoSuchMethodError'{0x00000000eabbdbb0}: 'int java.lang.invoke.DirectMethodHandle$Holder.invokeStaticInit(java.lang.Object, java.lang.Object)'> (0x00000000eabbdbb0) 
thrown [s\src\hotspot\share\interpreter\linkResolver.cpp, line 759]
Event: 1.229 Thread 0x000001b2675bcf30 Exception <a 'java/lang/NoSuchMethodError'{0x00000000eb610588}: 'int java.lang.invoke.DirectMethodHandle$Holder.invokeSpecial(java.lang.Object, java.lang.Object, java.lang.Object)'> (0x00000000eb610588) 
thrown [s\src\hotspot\share\interpreter\linkResolver.cpp, line 759]
Event: 1.324 Thread 0x000001b2675bcf30 Exception <a 'java/lang/NoSuchMethodError'{0x00000000ebb3c998}: 'java.lang.Object java.lang.invoke.DirectMethodHandle$Holder.newInvokeSpecial(java.lang.Object, int, java.lang.Object)'> (0x00000000ebb3c998) 
thrown [s\src\hotspot\share\interpreter\linkResolver.cpp, line 759]
Event: 3.561 Thread 0x000001b2675bcf30 Exception <a 'java/lang/UnsatisfiedLinkError'{0x00000000eba0ac90}: 'void org.eclipse.equinox.launcher.JNIBridge._update_splash()'> (0x00000000eba0ac90) 
thrown [s\src\hotspot\share\prims\nativeLookup.cpp, line 543]
Event: 3.661 Thread 0x000001b27e6d4960 Exception <a 'java/lang/NoSuchMethodError'{0x00000000ebab7520}: 'java.lang.Object java.lang.invoke.Invokers$Holder.invokeExact_MT(java.lang.Object, java.lang.Object, java.lang.Object, java.lang.Object, java.lang.Object, java.lang.Object)'> (0x00000000ebab7520) 
thrown [s\src\hotspot\share\interpreter\linkResolver.cpp, line 759]
Event: 3.844 Thread 0x000001b27d80ed30 Exception <a 'java/lang/NoSuchMethodError'{0x00000000eb0c7518}: 'java.lang.Object java.lang.invoke.DirectMethodHandle$Holder.invokeStaticInit(java.lang.Object)'> (0x00000000eb0c7518) 
thrown [s\src\hotspot\share\interpreter\linkResolver.cpp, line 759]

VM Operations (20 events):
Event: 0.994 Executing VM operation: ParallelGCFailedAllocation
Event: 0.999 Executing VM operation: ParallelGCFailedAllocation done
Event: 1.295 Executing VM operation: HandshakeAllThreads
Event: 1.295 Executing VM operation: HandshakeAllThreads done
Event: 1.296 Executing VM operation: HandshakeAllThreads
Event: 1.296 Executing VM operation: HandshakeAllThreads done
Event: 2.297 Executing VM operation: Cleanup
Event: 2.297 Executing VM operation: Cleanup done
Event: 3.386 Executing VM operation: ParallelGCFailedAllocation
Event: 3.390 Executing VM operation: ParallelGCFailedAllocation done
Event: 3.655 Executing VM operation: HandshakeAllThreads
Event: 3.655 Executing VM operation: HandshakeAllThreads done
Event: 3.698 Executing VM operation: HandshakeAllThreads
Event: 3.698 Executing VM operation: HandshakeAllThreads done
Event: 3.756 Executing VM operation: ParallelGCFailedAllocation
Event: 3.765 Executing VM operation: ParallelGCFailedAllocation done
Event: 3.854 Executing VM operation: HandshakeAllThreads
Event: 3.854 Executing VM operation: HandshakeAllThreads done
Event: 4.148 Executing VM operation: ICBufferFull
Event: 4.148 Executing VM operation: ICBufferFull done

Events (20 events):
Event: 3.971 loading class javax/xml/parsers/ParserConfigurationException
Event: 3.971 loading class javax/xml/parsers/ParserConfigurationException done
Event: 3.992 loading class java/util/PropertyResourceBundle
Event: 3.992 loading class java/util/PropertyResourceBundle done
Event: 3.992 loading class sun/util/PropertyResourceBundleCharset
Event: 3.992 loading class sun/util/PropertyResourceBundleCharset done
Event: 3.992 loading class sun/util/PropertyResourceBundleCharset$PropertiesFileDecoder
Event: 3.992 loading class sun/util/PropertyResourceBundleCharset$PropertiesFileDecoder done
Event: 3.999 loading class jdk/internal/reflect/UnsafeStaticObjectFieldAccessorImpl
Event: 3.999 loading class jdk/internal/reflect/UnsafeStaticObjectFieldAccessorImpl done
Event: 4.001 loading class java/lang/IllegalCallerException
Event: 4.001 loading class java/lang/IllegalCallerException done
Event: 4.003 loading class java/lang/StackWalker$Option
Event: 4.003 loading class java/lang/StackWalker$Option done
Event: 4.005 loading class org/xml/sax/SAXParseException
Event: 4.005 loading class org/xml/sax/SAXParseException done
Event: 4.151 loading class java/nio/file/StandardCopyOption
Event: 4.151 loading class java/nio/file/StandardCopyOption done
Event: 4.186 loading class sun/nio/fs/WindowsFileCopy
Event: 4.186 loading class sun/nio/fs/WindowsFileCopy done


Dynamic libraries:
0x00007ff79f570000 - 0x00007ff79f57e000 	c:\Users\rakes\.vscode\extensions\redhat.java-1.13.0-win32-x64\jre\17.0.5-win32-x86_64\bin\java.exe
0x00007fff66210000 - 0x00007fff66407000 	C:\Windows\SYSTEM32\ntdll.dll
0x00007fff64270000 - 0x00007fff6432d000 	C:\Windows\System32\KERNEL32.DLL
0x00007fff63aa0000 - 0x00007fff63d6d000 	C:\Windows\System32\KERNELBASE.dll
0x00007fff63930000 - 0x00007fff63a30000 	C:\Windows\System32\ucrtbase.dll
0x00007fff44000000 - 0x00007fff44019000 	c:\Users\rakes\.vscode\extensions\redhat.java-1.13.0-win32-x64\jre\17.0.5-win32-x86_64\bin\VCRUNTIME140.dll
0x00007fff58700000 - 0x00007fff58717000 	c:\Users\rakes\.vscode\extensions\redhat.java-1.13.0-win32-x64\jre\17.0.5-win32-x86_64\bin\jli.dll
0x00007fff645b0000 - 0x00007fff64750000 	C:\Windows\System32\USER32.dll
0x00007fff56710000 - 0x00007fff569aa000 	C:\Windows\WinSxS\amd64_microsoft.windows.common-controls_6595b64144ccf1df_6.0.19041.1110_none_60b5254171f9507e\COMCTL32.dll
0x00007fff64240000 - 0x00007fff64262000 	C:\Windows\System32\win32u.dll
0x00007fff64dc0000 - 0x00007fff64e5e000 	C:\Windows\System32\msvcrt.dll
0x00007fff64d70000 - 0x00007fff64d9a000 	C:\Windows\System32\GDI32.dll
0x00007fff64000000 - 0x00007fff6410b000 	C:\Windows\System32\gdi32full.dll
0x00007fff63d70000 - 0x00007fff63e0d000 	C:\Windows\System32\msvcp_win.dll
0x00007fff661a0000 - 0x00007fff661d0000 	C:\Windows\System32\IMM32.DLL
0x00007fff5b140000 - 0x00007fff5b14c000 	c:\Users\rakes\.vscode\extensions\redhat.java-1.13.0-win32-x64\jre\17.0.5-win32-x86_64\bin\vcruntime140_1.dll
0x00007fff002b0000 - 0x00007fff00341000 	c:\Users\rakes\.vscode\extensions\redhat.java-1.13.0-win32-x64\jre\17.0.5-win32-x86_64\bin\msvcp140.dll
0x00007ffefdb10000 - 0x00007ffefe754000 	c:\Users\rakes\.vscode\extensions\redhat.java-1.13.0-win32-x64\jre\17.0.5-win32-x86_64\bin\server\jvm.dll
0x00007fff64f90000 - 0x00007fff6503e000 	C:\Windows\System32\ADVAPI32.dll
0x00007fff65a40000 - 0x00007fff65adc000 	C:\Windows\System32\sechost.dll
0x00007fff64e60000 - 0x00007fff64f85000 	C:\Windows\System32\RPCRT4.dll
0x00007fff5d0d0000 - 0x00007fff5d0da000 	C:\Windows\SYSTEM32\VERSION.dll
0x00007fff55680000 - 0x00007fff556a7000 	C:\Windows\SYSTEM32\WINMM.dll
0x00007fff587e0000 - 0x00007fff587e9000 	C:\Windows\SYSTEM32\WSOCK32.dll
0x00007fff64cf0000 - 0x00007fff64d5b000 	C:\Windows\System32\WS2_32.dll
0x00007fff60ab0000 - 0x00007fff60ac2000 	C:\Windows\SYSTEM32\kernel.appcore.dll
0x00007fff56b40000 - 0x00007fff56b4a000 	c:\Users\rakes\.vscode\extensions\redhat.java-1.13.0-win32-x64\jre\17.0.5-win32-x86_64\bin\jimage.dll
0x00007fff63260000 - 0x00007fff63444000 	C:\Windows\SYSTEM32\DBGHELP.DLL
0x00007fff63230000 - 0x00007fff6325c000 	C:\Windows\SYSTEM32\dbgcore.DLL
0x00007fff63f70000 - 0x00007fff63ff2000 	C:\Windows\System32\bcryptPrimitives.dll
0x00007fff55820000 - 0x00007fff5582e000 	c:\Users\rakes\.vscode\extensions\redhat.java-1.13.0-win32-x64\jre\17.0.5-win32-x86_64\bin\instrument.dll
0x00007fff42cf0000 - 0x00007fff42d15000 	c:\Users\rakes\.vscode\extensions\redhat.java-1.13.0-win32-x64\jre\17.0.5-win32-x86_64\bin\java.dll
0x00007fff2ca30000 - 0x00007fff2ca48000 	c:\Users\rakes\.vscode\extensions\redhat.java-1.13.0-win32-x64\jre\17.0.5-win32-x86_64\bin\zip.dll
0x00007fff652e0000 - 0x00007fff65a24000 	C:\Windows\System32\SHELL32.dll
0x00007fff61400000 - 0x00007fff61b94000 	C:\Windows\SYSTEM32\windows.storage.dll
0x00007fff64930000 - 0x00007fff64c84000 	C:\Windows\System32\combase.dll
0x00007fff62b10000 - 0x00007fff62b3c000 	C:\Windows\SYSTEM32\Wldp.dll
0x00007fff651d0000 - 0x00007fff6527d000 	C:\Windows\System32\SHCORE.dll
0x00007fff65c50000 - 0x00007fff65ca5000 	C:\Windows\System32\shlwapi.dll
0x00007fff63870000 - 0x00007fff6388f000 	C:\Windows\SYSTEM32\profapi.dll
0x00007fff2ca10000 - 0x00007fff2ca29000 	C:\Users\rakes\.vscode\extensions\redhat.java-1.13.0-win32-x64\jre\17.0.5-win32-x86_64\bin\net.dll
0x00007fff55c70000 - 0x00007fff55d7a000 	C:\Windows\SYSTEM32\WINHTTP.dll
0x00007fff62980000 - 0x00007fff629ea000 	C:\Windows\system32\mswsock.dll
0x00007fff2c9f0000 - 0x00007fff2ca05000 	C:\Users\rakes\.vscode\extensions\redhat.java-1.13.0-win32-x64\jre\17.0.5-win32-x86_64\bin\nio.dll
0x00007fff557a0000 - 0x00007fff557b0000 	c:\Users\rakes\.vscode\extensions\redhat.java-1.13.0-win32-x64\jre\17.0.5-win32-x86_64\bin\verify.dll
0x00007fff16340000 - 0x00007fff1637e000 	C:\Users\rakes\AppData\Roaming\Code\User\globalStorage\redhat.java\1.13.0\config_win\org.eclipse.equinox.launcher\org.eclipse.equinox.launcher.win32.win32.x86_64_1.2.600.v20220720-1916\eclipse_11700.dll
0x00007fff65040000 - 0x00007fff6516a000 	C:\Windows\System32\ole32.dll

dbghelp: loaded successfully - version: 4.0.5 - missing functions: none
symbol engine: initialized successfully - sym options: 0x614 - pdb path: .;c:\Users\rakes\.vscode\extensions\redhat.java-1.13.0-win32-x64\jre\17.0.5-win32-x86_64\bin;C:\Windows\SYSTEM32;C:\Windows\WinSxS\amd64_microsoft.windows.common-controls_6595b64144ccf1df_6.0.19041.1110_none_60b5254171f9507e;c:\Users\rakes\.vscode\extensions\redhat.java-1.13.0-win32-x64\jre\17.0.5-win32-x86_64\bin\server;C:\Users\rakes\AppData\Roaming\Code\User\globalStorage\redhat.java\1.13.0\config_win\org.eclipse.equinox.launcher\org.eclipse.equinox.launcher.win32.win32.x86_64_1.2.600.v20220720-1916

VM Arguments:
jvm_args: --add-modules=ALL-SYSTEM --add-opens=java.base/java.util=ALL-UNNAMED --add-opens=java.base/java.lang=ALL-UNNAMED --add-opens=java.base/sun.nio.fs=ALL-UNNAMED -Declipse.application=org.eclipse.jdt.ls.core.id1 -Dosgi.bundles.defaultStartLevel=4 -Declipse.product=org.eclipse.jdt.ls.core.product -Djava.import.generatesMetadataFilesAtProjectRoot=false -Dfile.encoding=utf8 -XX:+UseParallelGC -XX:GCTimeRatio=4 -XX:AdaptiveSizePolicyWeight=90 -Dsun.zip.disableMemoryMapping=true -Xmx1G -Xms100m -Xlog:disable -javaagent:c:\Users\rakes\.vscode\extensions\redhat.java-1.13.0-win32-x64\lombok\lombok-1.18.24.jar -XX:+HeapDumpOnOutOfMemoryError -XX:HeapDumpPath=c:\Users\rakes\AppData\Roaming\Code\User\workspaceStorage\1d49cadcfa42b1e43ba22eace531b745\redhat.java 
java_command: c:\Users\rakes\.vscode\extensions\redhat.java-1.13.0-win32-x64\server\plugins\org.eclipse.equinox.launcher_1.6.400.v20210924-0641.jar -configuration c:\Users\rakes\AppData\Roaming\Code\User\globalStorage\redhat.java\1.13.0\config_win -data c:\Users\rakes\AppData\Roaming\Code\User\workspaceStorage\1d49cadcfa42b1e43ba22eace531b745\redhat.java\jdt_ws
java_class_path (initial): c:\Users\rakes\.vscode\extensions\redhat.java-1.13.0-win32-x64\server\plugins\org.eclipse.equinox.launcher_1.6.400.v20210924-0641.jar
Launcher Type: SUN_STANDARD

[Global flags]
    uintx AdaptiveSizePolicyWeight                 = 90                                        {product} {command line}
     intx CICompilerCount                          = 3                                         {product} {ergonomic}
    uintx GCTimeRatio                              = 4                                         {product} {command line}
     bool HeapDumpOnOutOfMemoryError               = true                                   {manageable} {command line}
    ccstr HeapDumpPath                             = c:\Users\rakes\AppData\Roaming\Code\User\workspaceStorage\1d49cadcfa42b1e43ba22eace531b745\redhat.java         {manageable} {command line}
   size_t InitialHeapSize                          = 104857600                                 {product} {command line}
   size_t MaxHeapSize                              = 1073741824                                {product} {command line}
   size_t MaxNewSize                               = 357564416                                 {product} {ergonomic}
   size_t MinHeapDeltaBytes                        = 524288                                    {product} {ergonomic}
   size_t MinHeapSize                              = 104857600                                 {product} {command line}
   size_t NewSize                                  = 34603008                                  {product} {ergonomic}
    uintx NonNMethodCodeHeapSize                   = 5832780                                {pd product} {ergonomic}
    uintx NonProfiledCodeHeapSize                  = 122912730                              {pd product} {ergonomic}
   size_t OldSize                                  = 70254592                                  {product} {ergonomic}
    uintx ProfiledCodeHeapSize                     = 122912730                              {pd product} {ergonomic}
    uintx ReservedCodeCacheSize                    = 251658240                              {pd product} {ergonomic}
     bool SegmentedCodeCache                       = true                                      {product} {ergonomic}
   size_t SoftMaxHeapSize                          = 1073741824                             {manageable} {ergonomic}
     bool UseCompressedClassPointers               = true                           {product lp64_product} {ergonomic}
     bool UseCompressedOops                        = true                           {product lp64_product} {ergonomic}
     bool UseLargePagesIndividualAllocation        = false                                  {pd product} {ergonomic}
     bool UseParallelGC                            = true                                      {product} {command line}

Logging:
Log output configuration:
 #0: stdout all=off uptime,level,tags
 #1: stderr all=off uptime,level,tags

Environment Variables:
PATH=C:\Program Files\Common Files\Oracle\Java\javapath;C:\Windows\system32;C:\Windows;C:\Windows\System32\Wbem;C:\Windows\System32\WindowsPowerShell\v1.0\;C:\Windows\System32\OpenSSH\;C:\xampp\php;C:\ProgramData\ComposerSetup\bin;C:\Program Files\Git\cmd;C:\Program Files\nodejs\;C:\Program Files\Java\jdk-19\bin;C:\Users\rakes\AppData\Local\Microsoft\WindowsApps;;C:\Users\rakes\AppData\Local\Programs\Microsoft VS Code\bin;C:\Users\rakes\AppData\Roaming\Composer\vendor\bin;C:\Users\rakes\AppData\Roaming\npm
USERNAME=rakes
OS=Windows_NT
PROCESSOR_IDENTIFIER=Intel64 Family 6 Model 60 Stepping 3, GenuineIntel
TMP=C:\Users\rakes\AppData\Local\Temp
TEMP=C:\Users\rakes\AppData\Local\Temp



---------------  S Y S T E M  ---------------

OS:
 Windows 10 , 64 bit Build 19041 (10.0.19041.1741)
OS uptime: 1 days 16:15 hours

CPU: total 4 (initial active 4) (4 cores per cpu, 1 threads per core) family 6 model 60 stepping 3 microcode 0x27, cx8, cmov, fxsr, mmx, sse, sse2, sse3, ssse3, sse4.1, sse4.2, popcnt, lzcnt, tsc, tscinvbit, avx, avx2, aes, erms, clmul, bmi1, bmi2, fma, vzeroupper, clflush

Memory: 4k page, system-wide physical 16295M (10949M free)
TotalPageFile size 18727M (AvailPageFile size 12543M)
current process WorkingSet (physical memory assigned to process): 130M, peak: 130M
current process commit charge ("private bytes"): 227M, peak: 227M

vm_info: OpenJDK 64-Bit Server VM (17.0.5+8) for windows-amd64 JRE (17.0.5+8), built on Oct 19 2022 04:48:13 by "temurin" with MS VC++ 16.7 (VS2019)

END.
